<?xml version="1.0" encoding="UTF-8"?>
<testsuite name="CardGameTest" tests="1" skipped="0" failures="0" errors="0" timestamp="2022-12-06T19:47:04" hostname="DESKTOP-JA25RKB" time="1.686">
  <properties/>
  <testcase name="start" classname="CardGameTest" time="1.686"/>
  <system-out><![CDATA[?[1;31m
Start test 1?[0m
Input the image filename:
> test\notexist.png
The file test\notexist.png doesn't exist.
?[1;31m
Start test 2?[0m
Input the image filename:
> test\grey.png
The number of image color components isn't 3.
?[1;31m
Start test 3?[0m
Input the image filename:
> test\bits16.png
The image isn't 24 or 32-bit.
?[1;31m
Start test 4?[0m
Input the image filename:
> test\image4.png
Input the watermark image filename:
> test\notexist.png
The file test\notexist.png doesn't exist.
?[1;31m
Start test 5?[0m
Input the image filename:
> test\image4.png
Input the watermark image filename:
> test\grey.png
The number of watermark color components isn't 3.
?[1;31m
Start test 6?[0m
Input the image filename:
> test\image4.png
Input the watermark image filename:
> test\bits16.png
The watermark isn't 24 or 32-bit.
?[1;31m
Start test 7?[0m
Input the image filename:
> test\image4.png
Input the watermark image filename:
> test\70x50.png
The image and watermark dimensions are different.
?[1;31m
Start test 8?[0m
Input the image filename:
> test\image4.png
Input the watermark image filename:
> test\watermark3.png
Do you want to use the watermark's Alpha channel?
> yes
Input the watermark transparency percentage (Integer 0-100):
> 25
Input the output image filename (jpg or png extension):
> test\out1.png
The watermarked image test\out1.png has been created.
?[1;31m
Start test 9?[0m
Input the image filename:
> test\image4.png
Input the watermark image filename:
> test\watermark3.png
Do you want to use the watermark's Alpha channel?
> no
Input the watermark transparency percentage (Integer 0-100):
> 35
Input the output image filename (jpg or png extension):
> test\out2.png
The watermarked image test\out2.png has been created.
?[1;31m
Start test 10?[0m
Input the image filename:
> test\image4.png
Input the watermark image filename:
> test\watermark2.png
Do you want to set a transparency color?
> no
Input the watermark transparency percentage (Integer 0-100):
> 27
Input the output image filename (jpg or png extension):
> test\out3.png
The watermarked image test\out3.png has been created.
?[1;31m
Start test 11?[0m
Input the image filename:
> test\image4.png
Input the watermark image filename:
> test\watermark2.png
Do you want to set a transparency color?
> yes

Input a transparency color ([Red] [Green] [Blue]):
> 255 255 255
Input the watermark transparency percentage (Integer 0-100):
> 37
Input the output image filename (jpg or png extension):
> test\out4.png
The watermarked image test\out4.png has been created.
?[1;31m
Start test 12?[0m
Input the image filename:
> test\image4.png
Input the watermark image filename:
> test\watermark2.png
Do you want to set a transparency color?
> yes

Input a transparency color ([Red] [Green] [Blue]):
> 0 0 256
The transparency color input is invalid.
Input the image filename:
> test\image4.png
Input the watermark image filename:
> test\watermark2.png
Do you want to set a transparency color?
> yes

Input a transparency color ([Red] [Green] [Blue]):
> 0 0
The transparency color input is invalid.
Input the image filename:
> test\image4.png
Input the watermark image filename:
> test\watermark2.png
Do you want to set a transparency color?
> yes

Input a transparency color ([Red] [Green] [Blue]):
> Red
The transparency color input is invalid.
Input the image filename:
> test\image4.png
Input the watermark image filename:
> test\watermark2.png
Do you want to set a transparency color?
> yes

Input a transparency color ([Red] [Green] [Blue]):
> -1 155 155
The transparency color input is invalid.
Input the image filename:
> test\image4.png
Input the watermark image filename:
> test\watermark2.png
Do you want to set a transparency color?
> yes

Input a transparency color ([Red] [Green] [Blue]):
> 1 1 1 1
The transparency color input is invalid.
]]></system-out>
  <system-err><![CDATA[]]></system-err>
</testsuite>
